
Array
(
    [card] => tok_14mbwJBmZSuXFtQTViXOB476
    [description] => E-mail: hello@nerdfiles.net - awdknwadwna
)
array(6) {
  [0]=>
  array(6) {
    ["file"]=>
    string(120) "/Users/nerdfiles/Projects/thecoinsultants_com/wp-content/plugins/stripe-market/vendor/stripe-php/lib/Stripe/Customer.php"
    ["line"]=>
    int(38)
    ["function"]=>
    string(13) "_scopedCreate"
    ["class"]=>
    string(18) "Stripe_ApiResource"
    ["type"]=>
    string(2) "::"
    ["args"]=>
    array(3) {
      [0]=>
      &string(15) "Stripe_Customer"
      [1]=>
      &array(2) {
        ["card"]=>
        string(28) "tok_14mbwJBmZSuXFtQTViXOB476"
        ["description"]=>
        string(41) "E-mail: hello@nerdfiles.net - awdknwadwna"
      }
      [2]=>
      &NULL
    }
  }
  [1]=>
  array(6) {
    ["file"]=>
    string(108) "/Users/nerdfiles/Projects/thecoinsultants_com/wp-content/plugins/stripe-market/includes/stripe-functions.php"
    ["line"]=>
    int(188)
    ["function"]=>
    string(6) "create"
    ["class"]=>
    string(15) "Stripe_Customer"
    ["type"]=>
    string(2) "::"
    ["args"]=>
    array(1) {
      [0]=>
      &array(2) {
        ["card"]=>
        string(28) "tok_14mbwJBmZSuXFtQTViXOB476"
        ["description"]=>
        string(41) "E-mail: hello@nerdfiles.net - awdknwadwna"
      }
    }
  }
  [2]=>
  array(4) {
    ["file"]=>
    string(108) "/Users/nerdfiles/Projects/thecoinsultants_com/wp-content/plugins/stripe-market/includes/stripe-functions.php"
    ["line"]=>
    int(309)
    ["function"]=>
    string(29) "stripe_market_create_customer"
    ["args"]=>
    array(2) {
      [0]=>
      &string(28) "tok_14mbwJBmZSuXFtQTViXOB476"
      [1]=>
      &string(41) "E-mail: hello@nerdfiles.net - awdknwadwna"
    }
  }
  [3]=>
  array(2) {
    ["function"]=>
    string(29) "stripe_market_charge_initiate"
    ["args"]=>
    array(1) {
      [0]=>
      &string(0) ""
    }
  }
  [4]=>
  array(4) {
    ["file"]=>
    string(68) "/Users/nerdfiles/Projects/thecoinsultants_com/wp-includes/plugin.php"
    ["line"]=>
    int(505)
    ["function"]=>
    string(20) "call_user_func_array"
    ["args"]=>
    array(2) {
      [0]=>
      &string(29) "stripe_market_charge_initiate"
      [1]=>
      &array(1) {
        [0]=>
        string(0) ""
      }
    }
  }
  [5]=>
  array(4) {
    ["file"]=>
    string(69) "/Users/nerdfiles/Projects/thecoinsultants_com/wp-admin/admin-ajax.php"
    ["line"]=>
    int(85)
    ["function"]=>
    string(9) "do_action"
    ["args"]=>
    array(1) {
      [0]=>
      &string(37) "wp_ajax_stripe_market_charge_initiate"
    }
  }
}
Array
(
    [customer] => cus_4wUwlCJgXazkb7
    [card] => tok_14mbwJBmZSuXFtQTViXOB476
)
Array
(
    [customer] => cus_4wUwlCJgXazkb7
    [card] => tok_14mbwJBmZSuXFtQTViXOB476
)
array(6) {
  [0]=>
  array(6) {
    ["file"]=>
    string(117) "/Users/nerdfiles/Projects/thecoinsultants_com/wp-content/plugins/stripe-market/vendor/stripe-php/lib/Stripe/Token.php"
    ["line"]=>
    int(27)
    ["function"]=>
    string(13) "_scopedCreate"
    ["class"]=>
    string(18) "Stripe_ApiResource"
    ["type"]=>
    string(2) "::"
    ["args"]=>
    array(3) {
      [0]=>
      &string(12) "Stripe_Token"
      [1]=>
      &array(2) {
        ["customer"]=>
        string(18) "cus_4wUwlCJgXazkb7"
        ["card"]=>
        string(28) "tok_14mbwJBmZSuXFtQTViXOB476"
      }
      [2]=>
      &string(32) "sk_test_nNO9u3zrs9D0WBeFGzXvFrzh"
    }
  }
  [1]=>
  array(6) {
    ["file"]=>
    string(108) "/Users/nerdfiles/Projects/thecoinsultants_com/wp-content/plugins/stripe-market/includes/stripe-functions.php"
    ["line"]=>
    int(213)
    ["function"]=>
    string(6) "create"
    ["class"]=>
    string(12) "Stripe_Token"
    ["type"]=>
    string(2) "::"
    ["args"]=>
    array(2) {
      [0]=>
      &array(2) {
        ["customer"]=>
        string(18) "cus_4wUwlCJgXazkb7"
        ["card"]=>
        string(28) "tok_14mbwJBmZSuXFtQTViXOB476"
      }
      [1]=>
      &string(32) "sk_test_nNO9u3zrs9D0WBeFGzXvFrzh"
    }
  }
  [2]=>
  array(4) {
    ["file"]=>
    string(108) "/Users/nerdfiles/Projects/thecoinsultants_com/wp-content/plugins/stripe-market/includes/stripe-functions.php"
    ["line"]=>
    int(336)
    ["function"]=>
    string(26) "stripe_market_create_token"
    ["args"]=>
    array(3) {
      [0]=>
      &string(32) "sk_test_nNO9u3zrs9D0WBeFGzXvFrzh"
      [1]=>
      &string(28) "tok_14mbwJBmZSuXFtQTViXOB476"
      [2]=>
      &string(18) "cus_4wUwlCJgXazkb7"
    }
  }
  [3]=>
  array(2) {
    ["function"]=>
    string(29) "stripe_market_charge_initiate"
    ["args"]=>
    array(1) {
      [0]=>
      &string(0) ""
    }
  }
  [4]=>
  array(4) {
    ["file"]=>
    string(68) "/Users/nerdfiles/Projects/thecoinsultants_com/wp-includes/plugin.php"
    ["line"]=>
    int(505)
    ["function"]=>
    string(20) "call_user_func_array"
    ["args"]=>
    array(2) {
      [0]=>
      &string(29) "stripe_market_charge_initiate"
      [1]=>
      &array(1) {
        [0]=>
        string(0) ""
      }
    }
  }
  [5]=>
  array(4) {
    ["file"]=>
    string(69) "/Users/nerdfiles/Projects/thecoinsultants_com/wp-admin/admin-ajax.php"
    ["line"]=>
    int(85)
    ["function"]=>
    string(9) "do_action"
    ["args"]=>
    array(1) {
      [0]=>
      &string(37) "wp_ajax_stripe_market_charge_initiate"
    }
  }
}
Array
(
    [card] => 
    [amount] => 25000
    [currency] => USD
    [description] => E-mail: hello@nerdfiles.net - awdknwadwna
)
array(6) {
  [0]=>
  array(6) {
    ["file"]=>
    string(118) "/Users/nerdfiles/Projects/thecoinsultants_com/wp-content/plugins/stripe-market/vendor/stripe-php/lib/Stripe/Charge.php"
    ["line"]=>
    int(38)
    ["function"]=>
    string(13) "_scopedCreate"
    ["class"]=>
    string(18) "Stripe_ApiResource"
    ["type"]=>
    string(2) "::"
    ["args"]=>
    array(3) {
      [0]=>
      &string(13) "Stripe_Charge"
      [1]=>
      &array(4) {
        ["card"]=>
        string(0) ""
        ["amount"]=>
        int(25000)
        ["currency"]=>
        string(3) "USD"
        ["description"]=>
        string(41) "E-mail: hello@nerdfiles.net - awdknwadwna"
      }
      [2]=>
      &NULL
    }
  }
  [1]=>
  array(6) {
    ["file"]=>
    string(108) "/Users/nerdfiles/Projects/thecoinsultants_com/wp-content/plugins/stripe-market/includes/stripe-functions.php"
    ["line"]=>
    int(257)
    ["function"]=>
    string(6) "create"
    ["class"]=>
    string(13) "Stripe_Charge"
    ["type"]=>
    string(2) "::"
    ["args"]=>
    array(1) {
      [0]=>
      &array(4) {
        ["card"]=>
        string(0) ""
        ["amount"]=>
        int(25000)
        ["currency"]=>
        string(3) "USD"
        ["description"]=>
        string(41) "E-mail: hello@nerdfiles.net - awdknwadwna"
      }
    }
  }
  [2]=>
  array(4) {
    ["file"]=>
    string(108) "/Users/nerdfiles/Projects/thecoinsultants_com/wp-content/plugins/stripe-market/includes/stripe-functions.php"
    ["line"]=>
    int(341)
    ["function"]=>
    string(20) "stripe_market_charge"
    ["args"]=>
    array(4) {
      [0]=>
      &int(25000)
      [1]=>
      &string(0) ""
      [2]=>
      &string(9) "wadklawnd"
      [3]=>
      &string(41) "E-mail: hello@nerdfiles.net - awdknwadwna"
    }
  }
  [3]=>
  array(2) {
    ["function"]=>
    string(29) "stripe_market_charge_initiate"
    ["args"]=>
    array(1) {
      [0]=>
      &string(0) ""
    }
  }
  [4]=>
  array(4) {
    ["file"]=>
    string(68) "/Users/nerdfiles/Projects/thecoinsultants_com/wp-includes/plugin.php"
    ["line"]=>
    int(505)
    ["function"]=>
    string(20) "call_user_func_array"
    ["args"]=>
    array(2) {
      [0]=>
      &string(29) "stripe_market_charge_initiate"
      [1]=>
      &array(1) {
        [0]=>
        string(0) ""
      }
    }
  }
  [5]=>
  array(4) {
    ["file"]=>
    string(69) "/Users/nerdfiles/Projects/thecoinsultants_com/wp-admin/admin-ajax.php"
    ["line"]=>
    int(85)
    ["function"]=>
    string(9) "do_action"
    ["args"]=>
    array(1) {
      [0]=>
      &string(37) "wp_ajax_stripe_market_charge_initiate"
    }
  }
}
<br />
<b>Warning</b>:  Cannot modify header information - headers already sent by (output started at /Users/nerdfiles/Projects/thecoinsultants_com/wp-content/plugins/stripe-market/vendor/stripe-php/lib/Stripe/ApiResource.php:115) in <b>/Users/nerdfiles/Projects/thecoinsultants_com/wp-content/plugins/stripe-market/includes/stripe-functions.php</b> on line <b>472</b><br />
"<div class=\"stripe-market-notification stripe-market-failure\">Oops, something went wrong (You passed an empty string for 'card'. We assume empty values are an attempt to unset a parameter; however 'card' cannot be unset. You should remove 'card' from your request or supply a non-empty value)<\/div>"
